  [1m[36mSQL (1.4ms)[0m  [1mCREATE EXTENSION IF NOT EXISTS "plpgsql"[0m
  [1m[35m (12.9ms)[0m  CREATE TABLE "pins" ("id" serial primary key, "title" character varying, "url" character varying, "text" text, "slug" character varying, "resource_type" character varying) 
  [1m[36m (13.3ms)[0m  [1mCREATE TABLE "schema_migrations" ("version" character varying NOT NULL) [0m
  [1m[35m (1.1ms)[0m  CREATE UNIQUE INDEX  "unique_schema_migrations" ON "schema_migrations"  ("version")
  [1m[36m (0.3ms)[0m  [1mSELECT version FROM "schema_migrations"[0m
  [1m[35m (0.5ms)[0m  INSERT INTO "schema_migrations" (version) VALUES ('20150320022457')
  [1m[36m (0.9ms)[0m  [1mINSERT INTO "schema_migrations" (version) VALUES ('20150318194553')[0m
  [1m[35mSQL (0.3ms)[0m  CREATE EXTENSION IF NOT EXISTS "plpgsql"
  [1m[36m (4.0ms)[0m  [1mCREATE TABLE "pins" ("id" serial primary key, "title" character varying, "url" character varying, "text" text, "slug" character varying, "resource_type" character varying) [0m
  [1m[35m (1.4ms)[0m  CREATE TABLE "schema_migrations" ("version" character varying NOT NULL) 
  [1m[36m (0.7ms)[0m  [1mCREATE UNIQUE INDEX  "unique_schema_migrations" ON "schema_migrations"  ("version")[0m
  [1m[35m (0.2ms)[0m  SELECT version FROM "schema_migrations"
  [1m[36m (0.3ms)[0m  [1mINSERT INTO "schema_migrations" (version) VALUES ('20150320022457')[0m
  [1m[35m (0.2ms)[0m  INSERT INTO "schema_migrations" (version) VALUES ('20150318194553')
  [1m[36mActiveRecord::SchemaMigration Load (0.3ms)[0m  [1mSELECT "schema_migrations".* FROM "schema_migrations"[0m
  [1m[35m (0.3ms)[0m  BEGIN
  [1m[36mPin Exists (0.9ms)[0m  [1mSELECT  1 AS one FROM "pins" WHERE "pins"."slug" = 'rails-tutorial' LIMIT 1[0m
  [1m[35mSQL (0.3ms)[0m  INSERT INTO "pins" ("title", "url", "text", "slug", "resource_type") VALUES ($1, $2, $3, $4, $5) RETURNING "id"  [["title", "Rails Tutorial"], ["url", "https://www.railstutorial.org/"], ["text", "The trusted standard in self-directed introductions to Ruby on Rails. A complete treatment of all the essentials\n    required in most production Rails applications."], ["slug", "rails-tutorial"], ["resource_type", "rails"]]
  [1m[36m (6.4ms)[0m  [1mCOMMIT[0m
  [1m[35m (0.2ms)[0m  BEGIN
  [1m[36mPin Exists (0.4ms)[0m  [1mSELECT  1 AS one FROM "pins" WHERE "pins"."slug" = 'rails-for-zombies' LIMIT 1[0m
  [1m[35mSQL (0.3ms)[0m  INSERT INTO "pins" ("title", "url", "text", "slug", "resource_type") VALUES ($1, $2, $3, $4, $5) RETURNING "id"  [["title", "Rails for Zombies"], ["url", "http://railsforzombies.org"], ["text", "A fun, gamified way to hone your Rails skills! Come on...who doesn't like fighting zombies?!"], ["slug", "rails-for-zombies"], ["resource_type", "rails"]]
  [1m[36m (12.0ms)[0m  [1mCOMMIT[0m
  [1m[35m (0.3ms)[0m  BEGIN
  [1m[36mPin Exists (0.4ms)[0m  [1mSELECT  1 AS one FROM "pins" WHERE "pins"."slug" = 'try-ruby' LIMIT 1[0m
  [1m[35mSQL (0.4ms)[0m  INSERT INTO "pins" ("title", "url", "text", "slug", "resource_type") VALUES ($1, $2, $3, $4, $5) RETURNING "id"  [["title", "Try Ruby"], ["url", "http://tryruby.org/"], ["text", "An interactive, in-browser tutorial for the Ruby programming language. A thorough walkthrough of \n    Ruby's nuances, geared toward beginners."], ["slug", "try-ruby"], ["resource_type", "ruby"]]
  [1m[36m (0.6ms)[0m  [1mCOMMIT[0m
  [1m[35m (0.2ms)[0m  BEGIN
  [1m[36mPin Exists (0.2ms)[0m  [1mSELECT  1 AS one FROM "pins" WHERE "pins"."slug" = 'ruby-quiz' LIMIT 1[0m
  [1m[35mSQL (0.2ms)[0m  INSERT INTO "pins" ("title", "url", "text", "slug", "resource_type") VALUES ($1, $2, $3, $4, $5) RETURNING "id"  [["title", "Ruby Quiz"], ["url", "http://rubyquiz.org"], ["text", "A collection of quizzes on the Ruby programming language."], ["slug", "ruby-quiz"], ["resource_type", "ruby"]]
  [1m[36m (0.4ms)[0m  [1mCOMMIT[0m
  [1m[35m (0.1ms)[0m  BEGIN
  [1m[36mPin Exists (0.2ms)[0m  [1mSELECT  1 AS one FROM "pins" WHERE "pins"."slug" = 'ga-ror-for-developers' LIMIT 1[0m
  [1m[35mSQL (0.2ms)[0m  INSERT INTO "pins" ("title", "url", "text", "slug", "resource_type") VALUES ($1, $2, $3, $4, $5) RETURNING "id"  [["title", "Ruby on Rails for Developers"], ["url", "https://github.com/generalassembly/ga-ruby-on-rails-for-devs"], ["text", "Somewhat advanced curriculum, but the exercises are also good for anyone who is motivated and \n    self-guided with experience."], ["slug", "ga-ror-for-developers"], ["resource_type", "rails"]]
  [1m[36m (0.5ms)[0m  [1mCOMMIT[0m
  [1m[35m (0.1ms)[0m  BEGIN
  [1m[36mPin Exists (0.2ms)[0m  [1mSELECT  1 AS one FROM "pins" WHERE "pins"."slug" = 'ruby-monk' LIMIT 1[0m
  [1m[35mSQL (0.2ms)[0m  INSERT INTO "pins" ("title", "url", "text", "slug", "resource_type") VALUES ($1, $2, $3, $4, $5) RETURNING "id"  [["title", "Ruby Monk"], ["url", "http://rubymonk.com"], ["text", "The Ruby Primer is a free interactive book that helps you learn Ruby. Discover Ruby idioms, learn \n    lessons and solve problems, all in your browser!"], ["slug", "ruby-monk"], ["resource_type", "ruby"]]
  [1m[36m (0.3ms)[0m  [1mCOMMIT[0m


Started GET "/" for ::1 at 2015-07-15 16:00:22 -0600
  [1m[36mActiveRecord::SchemaMigration Load (0.3ms)[0m  [1mSELECT "schema_migrations".* FROM "schema_migrations"[0m
Processing by PinsController#index as HTML
  [1m[35mPin Load (0.5ms)[0m  SELECT "pins".* FROM "pins"
  Rendered pins/index.erb within layouts/application (7.1ms)
Completed 200 OK in 1003ms (Views: 991.4ms | ActiveRecord: 2.3ms)


Started GET "/assets/cosmo-bootswatch-theme-450effffe2a267bc84c90be0448c1ea9.css?body=1" for ::1 at 2015-07-15 16:00:24 -0600


Started GET "/assets/application-ad58ad0ff6355d80126abf03c2be1c7a.css?body=1" for ::1 at 2015-07-15 16:00:24 -0600


Started GET "/assets/pins-ba95362faac8eaae068b5bb5002fbb7c.css?body=1" for ::1 at 2015-07-15 16:00:24 -0600


Started GET "/assets/jquery-87424c3c19e96d4fb033c10ebe21ec40.js?body=1" for ::1 at 2015-07-15 16:00:24 -0600


Started GET "/assets/jquery_ujs-e27bd20a10d28155845a22d71ef94f2f.js?body=1" for ::1 at 2015-07-15 16:00:24 -0600


Started GET "/assets/turbolinks-f87b3583ca50adb0488b031297f5580d.js?body=1" for ::1 at 2015-07-15 16:00:24 -0600


Started GET "/assets/application-bc105cf26f847567b5eae624a793b626.js?body=1" for ::1 at 2015-07-15 16:00:24 -0600


Started GET "/pins/1" for ::1 at 2015-07-15 16:03:30 -0600
Processing by PinsController#show as HTML
  Parameters: {"id"=>"1"}
  [1m[36mPin Load (0.3ms)[0m  [1mSELECT  "pins".* FROM "pins" WHERE "pins"."id" = $1 LIMIT 1[0m  [["id", 1]]
  Rendered pins/show.erb within layouts/application (9.2ms)
Completed 500 Internal Server Error in 19ms

ActionView::Template::Error (undefined local variable or method `pin' for #<#<Class:0x007fbe3022beb0>:0x007fbe2ad2bf28>):
    10:   <hr/>
    11:   <p>
    12:     <b>Visit <%= "#{@pin.title}" %> at: </b>
    13:     <a class="url" href="<%= "#{pin.url}" %>" target="_blank">
    14:       <%= "#{pin.url}" %>
    15:     </a>
    16:   </p>
  app/views/pins/show.erb:13:in `_app_views_pins_show_erb__2593202296352752854_70227369480920'


  Rendered /Users/emilyblanchard/.rvm/gems/ruby-2.1.4/gems/actionpack-4.2.0/lib/action_dispatch/middleware/templates/rescues/_source.erb (12.9ms)
  Rendered /Users/emilyblanchard/.rvm/gems/ruby-2.1.4/gems/actionpack-4.2.0/lib/action_dispatch/middleware/templates/rescues/_trace.html.erb (2.2ms)
  Rendered /Users/emilyblanchard/.rvm/gems/ruby-2.1.4/gems/actionpack-4.2.0/lib/action_dispatch/middleware/templates/rescues/_request_and_response.html.erb (0.7ms)
  Rendered /Users/emilyblanchard/.rvm/gems/ruby-2.1.4/gems/actionpack-4.2.0/lib/action_dispatch/middleware/templates/rescues/template_error.html.erb within rescues/layout (26.8ms)
  Rendered /Users/emilyblanchard/.rvm/gems/ruby-2.1.4/gems/web-console-2.1.2/lib/web_console/templates/_markup.html.erb (0.2ms)
  Rendered /Users/emilyblanchard/.rvm/gems/ruby-2.1.4/gems/web-console-2.1.2/lib/web_console/templates/style.css.erb within layouts/inlined_string (0.2ms)
  Rendered /Users/emilyblanchard/.rvm/gems/ruby-2.1.4/gems/web-console-2.1.2/lib/web_console/templates/_inner_console_markup.html.erb within layouts/inlined_string (0.2ms)
  Rendered /Users/emilyblanchard/.rvm/gems/ruby-2.1.4/gems/web-console-2.1.2/lib/web_console/templates/_prompt_box_markup.html.erb within layouts/inlined_string (0.1ms)
  Rendered /Users/emilyblanchard/.rvm/gems/ruby-2.1.4/gems/web-console-2.1.2/lib/web_console/templates/console.js.erb within layouts/javascript (11.9ms)
  Rendered /Users/emilyblanchard/.rvm/gems/ruby-2.1.4/gems/web-console-2.1.2/lib/web_console/templates/main.js.erb within layouts/javascript (0.2ms)
  Rendered /Users/emilyblanchard/.rvm/gems/ruby-2.1.4/gems/web-console-2.1.2/lib/web_console/templates/error_page.js.erb within layouts/javascript (0.3ms)
  Rendered /Users/emilyblanchard/.rvm/gems/ruby-2.1.4/gems/web-console-2.1.2/lib/web_console/templates/index.html.erb (27.2ms)


Started GET "/pins/1" for ::1 at 2015-07-15 16:03:30 -0600
Processing by PinsController#show as HTML
  Parameters: {"id"=>"1"}
  [1m[35mPin Load (0.2ms)[0m  SELECT  "pins".* FROM "pins" WHERE "pins"."id" = $1 LIMIT 1  [["id", 1]]
  Rendered pins/show.erb within layouts/application (8.5ms)
Completed 500 Internal Server Error in 11ms

ActionView::Template::Error (undefined local variable or method `pin' for #<#<Class:0x007fbe3022beb0>:0x007fbe305741a8>):
    10:   <hr/>
    11:   <p>
    12:     <b>Visit <%= "#{@pin.title}" %> at: </b>
    13:     <a class="url" href="<%= "#{pin.url}" %>" target="_blank">
    14:       <%= "#{pin.url}" %>
    15:     </a>
    16:   </p>
  app/views/pins/show.erb:13:in `_app_views_pins_show_erb__2593202296352752854_70227415757580'


  Rendered /Users/emilyblanchard/.rvm/gems/ruby-2.1.4/gems/actionpack-4.2.0/lib/action_dispatch/middleware/templates/rescues/_source.erb (5.8ms)
  Rendered /Users/emilyblanchard/.rvm/gems/ruby-2.1.4/gems/actionpack-4.2.0/lib/action_dispatch/middleware/templates/rescues/_trace.html.erb (1.9ms)
  Rendered /Users/emilyblanchard/.rvm/gems/ruby-2.1.4/gems/actionpack-4.2.0/lib/action_dispatch/middleware/templates/rescues/_request_and_response.html.erb (0.6ms)
  Rendered /Users/emilyblanchard/.rvm/gems/ruby-2.1.4/gems/actionpack-4.2.0/lib/action_dispatch/middleware/templates/rescues/template_error.html.erb within rescues/layout (17.6ms)
  Rendered /Users/emilyblanchard/.rvm/gems/ruby-2.1.4/gems/web-console-2.1.2/lib/web_console/templates/_markup.html.erb (0.2ms)
  Rendered /Users/emilyblanchard/.rvm/gems/ruby-2.1.4/gems/web-console-2.1.2/lib/web_console/templates/style.css.erb within layouts/inlined_string (0.2ms)
  Rendered /Users/emilyblanchard/.rvm/gems/ruby-2.1.4/gems/web-console-2.1.2/lib/web_console/templates/_inner_console_markup.html.erb within layouts/inlined_string (0.2ms)
  Rendered /Users/emilyblanchard/.rvm/gems/ruby-2.1.4/gems/web-console-2.1.2/lib/web_console/templates/_prompt_box_markup.html.erb within layouts/inlined_string (0.3ms)
  Rendered /Users/emilyblanchard/.rvm/gems/ruby-2.1.4/gems/web-console-2.1.2/lib/web_console/templates/console.js.erb within layouts/javascript (10.7ms)
  Rendered /Users/emilyblanchard/.rvm/gems/ruby-2.1.4/gems/web-console-2.1.2/lib/web_console/templates/main.js.erb within layouts/javascript (0.2ms)
  Rendered /Users/emilyblanchard/.rvm/gems/ruby-2.1.4/gems/web-console-2.1.2/lib/web_console/templates/error_page.js.erb within layouts/javascript (0.3ms)
  Rendered /Users/emilyblanchard/.rvm/gems/ruby-2.1.4/gems/web-console-2.1.2/lib/web_console/templates/index.html.erb (22.9ms)


Started GET "/pins/1" for ::1 at 2015-07-15 16:03:45 -0600
Processing by PinsController#show as HTML
  Parameters: {"id"=>"1"}
  [1m[36mPin Load (0.2ms)[0m  [1mSELECT  "pins".* FROM "pins" WHERE "pins"."id" = $1 LIMIT 1[0m  [["id", 1]]
  Rendered pins/show.erb within layouts/application (6.5ms)
Completed 500 Internal Server Error in 9ms

ActionView::Template::Error (undefined local variable or method `pin' for #<#<Class:0x007fbe3022beb0>:0x007fbe3004b6e0>):
    10:   <hr/>
    11:   <p>
    12:     <b>Visit <%= "#{@pin.title}" %> at: </b>
    13:     <a class="url" href="<%= "#{pin.url}" %>" target="_blank">
    14:       <%= "#{pin.url}" %>
    15:     </a>
    16:   </p>
  app/views/pins/show.erb:13:in `_app_views_pins_show_erb__2593202296352752854_70227369480920'


  Rendered /Users/emilyblanchard/.rvm/gems/ruby-2.1.4/gems/actionpack-4.2.0/lib/action_dispatch/middleware/templates/rescues/_source.erb (4.6ms)
  Rendered /Users/emilyblanchard/.rvm/gems/ruby-2.1.4/gems/actionpack-4.2.0/lib/action_dispatch/middleware/templates/rescues/_trace.html.erb (1.8ms)
  Rendered /Users/emilyblanchard/.rvm/gems/ruby-2.1.4/gems/actionpack-4.2.0/lib/action_dispatch/middleware/templates/rescues/_request_and_response.html.erb (0.6ms)
  Rendered /Users/emilyblanchard/.rvm/gems/ruby-2.1.4/gems/actionpack-4.2.0/lib/action_dispatch/middleware/templates/rescues/template_error.html.erb within rescues/layout (14.4ms)
  Rendered /Users/emilyblanchard/.rvm/gems/ruby-2.1.4/gems/web-console-2.1.2/lib/web_console/templates/_markup.html.erb (0.2ms)
  Rendered /Users/emilyblanchard/.rvm/gems/ruby-2.1.4/gems/web-console-2.1.2/lib/web_console/templates/style.css.erb within layouts/inlined_string (0.2ms)
  Rendered /Users/emilyblanchard/.rvm/gems/ruby-2.1.4/gems/web-console-2.1.2/lib/web_console/templates/_inner_console_markup.html.erb within layouts/inlined_string (0.2ms)
  Rendered /Users/emilyblanchard/.rvm/gems/ruby-2.1.4/gems/web-console-2.1.2/lib/web_console/templates/_prompt_box_markup.html.erb within layouts/inlined_string (0.2ms)
  Rendered /Users/emilyblanchard/.rvm/gems/ruby-2.1.4/gems/web-console-2.1.2/lib/web_console/templates/console.js.erb within layouts/javascript (9.0ms)
  Rendered /Users/emilyblanchard/.rvm/gems/ruby-2.1.4/gems/web-console-2.1.2/lib/web_console/templates/main.js.erb within layouts/javascript (0.2ms)
  Rendered /Users/emilyblanchard/.rvm/gems/ruby-2.1.4/gems/web-console-2.1.2/lib/web_console/templates/error_page.js.erb within layouts/javascript (0.3ms)
  Rendered /Users/emilyblanchard/.rvm/gems/ruby-2.1.4/gems/web-console-2.1.2/lib/web_console/templates/index.html.erb (19.3ms)


Started GET "/pins/1" for ::1 at 2015-07-15 16:03:45 -0600
Processing by PinsController#show as HTML
  Parameters: {"id"=>"1"}
  [1m[35mPin Load (0.2ms)[0m  SELECT  "pins".* FROM "pins" WHERE "pins"."id" = $1 LIMIT 1  [["id", 1]]
  Rendered pins/show.erb within layouts/application (7.5ms)
Completed 500 Internal Server Error in 9ms

ActionView::Template::Error (undefined local variable or method `pin' for #<#<Class:0x007fbe3022beb0>:0x007fbe2b22d760>):
    10:   <hr/>
    11:   <p>
    12:     <b>Visit <%= "#{@pin.title}" %> at: </b>
    13:     <a class="url" href="<%= "#{pin.url}" %>" target="_blank">
    14:       <%= "#{pin.url}" %>
    15:     </a>
    16:   </p>
  app/views/pins/show.erb:13:in `_app_views_pins_show_erb__2593202296352752854_70227415757580'


  Rendered /Users/emilyblanchard/.rvm/gems/ruby-2.1.4/gems/actionpack-4.2.0/lib/action_dispatch/middleware/templates/rescues/_source.erb (5.0ms)
  Rendered /Users/emilyblanchard/.rvm/gems/ruby-2.1.4/gems/actionpack-4.2.0/lib/action_dispatch/middleware/templates/rescues/_trace.html.erb (1.9ms)
  Rendered /Users/emilyblanchard/.rvm/gems/ruby-2.1.4/gems/actionpack-4.2.0/lib/action_dispatch/middleware/templates/rescues/_request_and_response.html.erb (0.6ms)
  Rendered /Users/emilyblanchard/.rvm/gems/ruby-2.1.4/gems/actionpack-4.2.0/lib/action_dispatch/middleware/templates/rescues/template_error.html.erb within rescues/layout (15.5ms)
  Rendered /Users/emilyblanchard/.rvm/gems/ruby-2.1.4/gems/web-console-2.1.2/lib/web_console/templates/_markup.html.erb (0.3ms)
  Rendered /Users/emilyblanchard/.rvm/gems/ruby-2.1.4/gems/web-console-2.1.2/lib/web_console/templates/style.css.erb within layouts/inlined_string (0.2ms)
  Rendered /Users/emilyblanchard/.rvm/gems/ruby-2.1.4/gems/web-console-2.1.2/lib/web_console/templates/_inner_console_markup.html.erb within layouts/inlined_string (0.2ms)
  Rendered /Users/emilyblanchard/.rvm/gems/ruby-2.1.4/gems/web-console-2.1.2/lib/web_console/templates/_prompt_box_markup.html.erb within layouts/inlined_string (0.1ms)
  Rendered /Users/emilyblanchard/.rvm/gems/ruby-2.1.4/gems/web-console-2.1.2/lib/web_console/templates/console.js.erb within layouts/javascript (9.1ms)
  Rendered /Users/emilyblanchard/.rvm/gems/ruby-2.1.4/gems/web-console-2.1.2/lib/web_console/templates/main.js.erb within layouts/javascript (0.3ms)
  Rendered /Users/emilyblanchard/.rvm/gems/ruby-2.1.4/gems/web-console-2.1.2/lib/web_console/templates/error_page.js.erb within layouts/javascript (0.3ms)
  Rendered /Users/emilyblanchard/.rvm/gems/ruby-2.1.4/gems/web-console-2.1.2/lib/web_console/templates/index.html.erb (20.1ms)


Started GET "/pins/1" for ::1 at 2015-07-15 16:08:44 -0600
Processing by PinsController#show as HTML
  Parameters: {"id"=>"1"}
  [1m[36mPin Load (0.2ms)[0m  [1mSELECT  "pins".* FROM "pins" WHERE "pins"."id" = $1 LIMIT 1[0m  [["id", 1]]
  Rendered pins/show.erb within layouts/application (6.3ms)
Completed 500 Internal Server Error in 8ms

ActionView::Template::Error (undefined local variable or method `pin' for #<#<Class:0x007fbe3022beb0>:0x007fbe303df360>):
    10:   <hr/>
    11:   <p>
    12:     <b>Visit <%= "#{@pin.title}" %> at: </b>
    13:     <a class="url" href="<%= "#{pin.url}" %>" target="_blank">
    14:       <%= "#{pin.url}" %>
    15:     </a>
    16:   </p>
  app/views/pins/show.erb:13:in `_app_views_pins_show_erb__2593202296352752854_70227369480920'


  Rendered /Users/emilyblanchard/.rvm/gems/ruby-2.1.4/gems/actionpack-4.2.0/lib/action_dispatch/middleware/templates/rescues/_source.erb (4.6ms)
  Rendered /Users/emilyblanchard/.rvm/gems/ruby-2.1.4/gems/actionpack-4.2.0/lib/action_dispatch/middleware/templates/rescues/_trace.html.erb (1.9ms)
  Rendered /Users/emilyblanchard/.rvm/gems/ruby-2.1.4/gems/actionpack-4.2.0/lib/action_dispatch/middleware/templates/rescues/_request_and_response.html.erb (0.6ms)
  Rendered /Users/emilyblanchard/.rvm/gems/ruby-2.1.4/gems/actionpack-4.2.0/lib/action_dispatch/middleware/templates/rescues/template_error.html.erb within rescues/layout (14.5ms)
  Rendered /Users/emilyblanchard/.rvm/gems/ruby-2.1.4/gems/web-console-2.1.2/lib/web_console/templates/_markup.html.erb (0.2ms)
  Rendered /Users/emilyblanchard/.rvm/gems/ruby-2.1.4/gems/web-console-2.1.2/lib/web_console/templates/style.css.erb within layouts/inlined_string (0.2ms)
  Rendered /Users/emilyblanchard/.rvm/gems/ruby-2.1.4/gems/web-console-2.1.2/lib/web_console/templates/_inner_console_markup.html.erb within layouts/inlined_string (0.2ms)
  Rendered /Users/emilyblanchard/.rvm/gems/ruby-2.1.4/gems/web-console-2.1.2/lib/web_console/templates/_prompt_box_markup.html.erb within layouts/inlined_string (0.2ms)
  Rendered /Users/emilyblanchard/.rvm/gems/ruby-2.1.4/gems/web-console-2.1.2/lib/web_console/templates/console.js.erb within layouts/javascript (9.2ms)
  Rendered /Users/emilyblanchard/.rvm/gems/ruby-2.1.4/gems/web-console-2.1.2/lib/web_console/templates/main.js.erb within layouts/javascript (0.2ms)
  Rendered /Users/emilyblanchard/.rvm/gems/ruby-2.1.4/gems/web-console-2.1.2/lib/web_console/templates/error_page.js.erb within layouts/javascript (0.3ms)
  Rendered /Users/emilyblanchard/.rvm/gems/ruby-2.1.4/gems/web-console-2.1.2/lib/web_console/templates/index.html.erb (19.5ms)


Started GET "/pins/1" for ::1 at 2015-07-15 16:08:44 -0600
Processing by PinsController#show as HTML
  Parameters: {"id"=>"1"}
  [1m[35mPin Load (0.2ms)[0m  SELECT  "pins".* FROM "pins" WHERE "pins"."id" = $1 LIMIT 1  [["id", 1]]
  Rendered pins/show.erb within layouts/application (7.4ms)
Completed 500 Internal Server Error in 9ms

ActionView::Template::Error (undefined local variable or method `pin' for #<#<Class:0x007fbe3022beb0>:0x007fbe2ad58758>):
    10:   <hr/>
    11:   <p>
    12:     <b>Visit <%= "#{@pin.title}" %> at: </b>
    13:     <a class="url" href="<%= "#{pin.url}" %>" target="_blank">
    14:       <%= "#{pin.url}" %>
    15:     </a>
    16:   </p>
  app/views/pins/show.erb:13:in `_app_views_pins_show_erb__2593202296352752854_70227415757580'


  Rendered /Users/emilyblanchard/.rvm/gems/ruby-2.1.4/gems/actionpack-4.2.0/lib/action_dispatch/middleware/templates/rescues/_source.erb (5.5ms)
  Rendered /Users/emilyblanchard/.rvm/gems/ruby-2.1.4/gems/actionpack-4.2.0/lib/action_dispatch/middleware/templates/rescues/_trace.html.erb (1.8ms)
  Rendered /Users/emilyblanchard/.rvm/gems/ruby-2.1.4/gems/actionpack-4.2.0/lib/action_dispatch/middleware/templates/rescues/_request_and_response.html.erb (0.5ms)
  Rendered /Users/emilyblanchard/.rvm/gems/ruby-2.1.4/gems/actionpack-4.2.0/lib/action_dispatch/middleware/templates/rescues/template_error.html.erb within rescues/layout (20.8ms)
  Rendered /Users/emilyblanchard/.rvm/gems/ruby-2.1.4/gems/web-console-2.1.2/lib/web_console/templates/_markup.html.erb (0.3ms)
  Rendered /Users/emilyblanchard/.rvm/gems/ruby-2.1.4/gems/web-console-2.1.2/lib/web_console/templates/style.css.erb within layouts/inlined_string (0.2ms)
  Rendered /Users/emilyblanchard/.rvm/gems/ruby-2.1.4/gems/web-console-2.1.2/lib/web_console/templates/_inner_console_markup.html.erb within layouts/inlined_string (0.2ms)
  Rendered /Users/emilyblanchard/.rvm/gems/ruby-2.1.4/gems/web-console-2.1.2/lib/web_console/templates/_prompt_box_markup.html.erb within layouts/inlined_string (0.2ms)
  Rendered /Users/emilyblanchard/.rvm/gems/ruby-2.1.4/gems/web-console-2.1.2/lib/web_console/templates/console.js.erb within layouts/javascript (9.9ms)
  Rendered /Users/emilyblanchard/.rvm/gems/ruby-2.1.4/gems/web-console-2.1.2/lib/web_console/templates/main.js.erb within layouts/javascript (0.2ms)
  Rendered /Users/emilyblanchard/.rvm/gems/ruby-2.1.4/gems/web-console-2.1.2/lib/web_console/templates/error_page.js.erb within layouts/javascript (0.2ms)
  Rendered /Users/emilyblanchard/.rvm/gems/ruby-2.1.4/gems/web-console-2.1.2/lib/web_console/templates/index.html.erb (21.8ms)


Started GET "/pins/1" for ::1 at 2015-07-15 16:11:41 -0600
  [1m[36mActiveRecord::SchemaMigration Load (0.3ms)[0m  [1mSELECT "schema_migrations".* FROM "schema_migrations"[0m
Processing by PinsController#show as HTML
  Parameters: {"id"=>"1"}
  [1m[35mPin Load (0.3ms)[0m  SELECT  "pins".* FROM "pins" WHERE "pins"."id" = $1 LIMIT 1  [["id", 1]]
  Rendered pins/show.erb within layouts/application (7.1ms)
Completed 500 Internal Server Error in 31ms

ActionView::Template::Error (undefined local variable or method `pin' for #<#<Class:0x007fb5e98d8d70>:0x007fb5e98d02b0>):
    10:   <hr/>
    11:   <p>
    12:     <b>Visit <%= "#{@pin.title}" %> at: </b>
    13:     <a class="url" href="<%= "#{pin.url}" %>" target="_blank">
    14:       <%= "#{pin.url}" %>
    15:     </a>
    16:   </p>
  app/views/pins/show.erb:13:in `_app_views_pins_show_erb___304911518415865826_70209641812200'


  Rendered /Users/emilyblanchard/.rvm/gems/ruby-2.1.4/gems/actionpack-4.2.0/lib/action_dispatch/middleware/templates/rescues/_source.erb (6.1ms)
  Rendered /Users/emilyblanchard/.rvm/gems/ruby-2.1.4/gems/actionpack-4.2.0/lib/action_dispatch/middleware/templates/rescues/_trace.html.erb (2.0ms)
  Rendered /Users/emilyblanchard/.rvm/gems/ruby-2.1.4/gems/actionpack-4.2.0/lib/action_dispatch/middleware/templates/rescues/_request_and_response.html.erb (0.6ms)
  Rendered /Users/emilyblanchard/.rvm/gems/ruby-2.1.4/gems/actionpack-4.2.0/lib/action_dispatch/middleware/templates/rescues/template_error.html.erb within rescues/layout (16.6ms)
  Rendered /Users/emilyblanchard/.rvm/gems/ruby-2.1.4/gems/web-console-2.1.2/lib/web_console/templates/_markup.html.erb (0.2ms)
  Rendered /Users/emilyblanchard/.rvm/gems/ruby-2.1.4/gems/web-console-2.1.2/lib/web_console/templates/style.css.erb within layouts/inlined_string (0.2ms)
  Rendered /Users/emilyblanchard/.rvm/gems/ruby-2.1.4/gems/web-console-2.1.2/lib/web_console/templates/_inner_console_markup.html.erb within layouts/inlined_string (0.3ms)
  Rendered /Users/emilyblanchard/.rvm/gems/ruby-2.1.4/gems/web-console-2.1.2/lib/web_console/templates/_prompt_box_markup.html.erb within layouts/inlined_string (0.1ms)
  Rendered /Users/emilyblanchard/.rvm/gems/ruby-2.1.4/gems/web-console-2.1.2/lib/web_console/templates/console.js.erb within layouts/javascript (36.4ms)
  Rendered /Users/emilyblanchard/.rvm/gems/ruby-2.1.4/gems/web-console-2.1.2/lib/web_console/templates/main.js.erb within layouts/javascript (0.2ms)
  Rendered /Users/emilyblanchard/.rvm/gems/ruby-2.1.4/gems/web-console-2.1.2/lib/web_console/templates/error_page.js.erb within layouts/javascript (0.3ms)
  Rendered /Users/emilyblanchard/.rvm/gems/ruby-2.1.4/gems/web-console-2.1.2/lib/web_console/templates/index.html.erb (48.4ms)


Started GET "/" for ::1 at 2015-07-15 16:11:46 -0600
Processing by PinsController#index as HTML
  [1m[36mPin Load (0.2ms)[0m  [1mSELECT "pins".* FROM "pins"[0m
  Rendered pins/index.erb within layouts/application (1.6ms)
Completed 200 OK in 45ms (Views: 43.8ms | ActiveRecord: 0.2ms)
